This is pdfTeX, Version 3.1415926-2.6-1.40.14 (TeX Live 2014/dev) (format=pdflatex 2015.4.3)  12 MAR 2016 12:23
entering extended mode
 restricted \write18 enabled.
 %&-line parsing enabled.
**c1.tex
(./c1.tex
LaTeX2e <2011/06/27>
Babel <3.9h> and hyphenation patterns for 59 languages loaded.

! LaTeX Error: Missing \begin{document}.

See the LaTeX manual or LaTeX Companion for explanation.
Type  H <return>  for immediate help.
 ...                                              
                                                  
l.1 T
     his is a cheat!
? 
! Emergency stop.
 ...                                              
                                                  
l.1 T
     his is a cheat!
You're in trouble here.  Try typing  <return>  to proceed.
If that doesn't work, type  X <return>  to quit.

 
Here is how much of TeX's memory you used:
 6 strings out of 493417
 246 string characters out of 6144320
 50351 words of memory out of 5000000
 3528 multiletter control sequences out of 15000+600000
 3640 words of font info for 14 fonts, out of 8000000 for 9000
 953 hyphenation exceptions out of 8191
 5i,0n,4p,25b,14s stack positions out of 5000i,500n,10000p,200000b,80000s
!  ==> Fatal error occurred, no output PDF file produced!
